# JRE version: Java(TM) SE Runtime Environment (21.0.8+12) (build 21.0.8+12-LTS-250)
# Java VM: Java HotSpot(TM) 64-Bit Server VM (21.0.8+12-LTS-250, mixed mode, sharing, tiered, compressed oops, compressed class ptrs, g1 gc, windows-amd64)
GC Precious Log:
 CardTable entry size: 512
 Card Set container configuration: InlinePtr #cards 5 size 8 Array Of Cards #cards 12 size 40 Howl #buckets 4 coarsen threshold 1843 Howl Bitmap #cards 512 size 80 coarsen threshold 460 Card regions per heap region 1 cards per card region 2048
 CPUs: 6 total, 6 available
 Memory: 7549M
 Large Page Support: Disabled
 NUMA Support: Disabled
 Compressed Oops: Enabled (32-bit)
 Heap Region Size: 1M
 Heap Min Capacity: 8M
 Heap Initial Capacity: 118M
 Heap Max Capacity: 512M
 Pre-touch: Disabled
 Parallel Workers: 6
 Concurrent Workers: 2
 Concurrent Refinement Workers: 6
 Periodic GC: Disabled
Heap:
 garbage-first heap   total 92160K, used 67770K [0x00000000e0000000, 0x0000000100000000)
  region size 1024K, 18 young (18432K), 3 survivors (3072K)
 Metaspace       used 109925K, committed 110720K, reserved 1179648K
  class space    used 15037K, committed 15360K, reserved 1048576K
GC Heap History (20 events):
Event: 40.923 GC heap before
{Heap before GC invocations=19 (full 0):
 garbage-first heap   total 71680K, used 64880K [0x00000000e0000000, 0x0000000100000000)
  region size 1024K, 29 young (29696K), 2 survivors (2048K)
 Metaspace       used 82080K, committed 82816K, reserved 1179648K
  class space    used 11170K, committed 11520K, reserved 1048576K
}
Event: 40.928 GC heap after
{Heap after GC invocations=20 (full 0):
 garbage-first heap   total 71680K, used 39772K [0x00000000e0000000, 0x0000000100000000)
  region size 1024K, 4 young (4096K), 4 survivors (4096K)
 Metaspace       used 82080K, committed 82816K, reserved 1179648K
  class space    used 11170K, committed 11520K, reserved 1048576K
}
Event: 41.765 GC heap before
{Heap before GC invocations=20 (full 0):
 garbage-first heap   total 71680K, used 62300K [0x00000000e0000000, 0x0000000100000000)
  region size 1024K, 27 young (27648K), 4 survivors (4096K)
 Metaspace       used 85652K, committed 86400K, reserved 1179648K
  class space    used 11638K, committed 11968K, reserved 1048576K
}
Event: 41.772 GC heap after
{Heap after GC invocations=21 (full 0):
 garbage-first heap   total 71680K, used 41102K [0x00000000e0000000, 0x0000000100000000)
  region size 1024K, 2 young (2048K), 2 survivors (2048K)
 Metaspace       used 85652K, committed 86400K, reserved 1179648K
  class space    used 11638K, committed 11968K, reserved 1048576K
}
Event: 42.186 GC heap before
{Heap before GC invocations=21 (full 0):
 garbage-first heap   total 71680K, used 63630K [0x00000000e0000000, 0x0000000100000000)
  region size 1024K, 25 young (25600K), 2 survivors (2048K)
 Metaspace       used 87510K, committed 88256K, reserved 1179648K
  class space    used 11999K, committed 12352K, reserved 1048576K
}
Event: 42.190 GC heap after
{Heap after GC invocations=22 (full 0):
 garbage-first heap   total 71680K, used 42487K [0x00000000e0000000, 0x0000000100000000)
  region size 1024K, 3 young (3072K), 3 survivors (3072K)
 Metaspace       used 87510K, committed 88256K, reserved 1179648K
  class space    used 11999K, committed 12352K, reserved 1048576K
}
Event: 42.663 GC heap before
{Heap before GC invocations=23 (full 0):
 garbage-first heap   total 73728K, used 61943K [0x00000000e0000000, 0x0000000100000000)
  region size 1024K, 23 young (23552K), 3 survivors (3072K)
 Metaspace       used 91274K, committed 92032K, reserved 1179648K
  class space    used 12749K, committed 13120K, reserved 1048576K
}
Event: 42.667 GC heap after
{Heap after GC invocations=24 (full 0):
 garbage-first heap   total 73728K, used 43944K [0x00000000e0000000, 0x0000000100000000)
  region size 1024K, 3 young (3072K), 3 survivors (3072K)
 Metaspace       used 91274K, committed 92032K, reserved 1179648K
  class space    used 12749K, committed 13120K, reserved 1048576K
}
Event: 43.423 GC heap before
{Heap before GC invocations=24 (full 0):
 garbage-first heap   total 73728K, used 65448K [0x00000000e0000000, 0x0000000100000000)
  region size 1024K, 24 young (24576K), 3 survivors (3072K)
 Metaspace       used 94728K, committed 95488K, reserved 1179648K
  class space    used 13120K, committed 13440K, reserved 1048576K
}
Event: 43.432 GC heap after
{Heap after GC invocations=25 (full 0):
 garbage-first heap   total 73728K, used 44527K [0x00000000e0000000, 0x0000000100000000)
  region size 1024K, 3 young (3072K), 3 survivors (3072K)
 Metaspace       used 94728K, committed 95488K, reserved 1179648K
  class space    used 13120K, committed 13440K, reserved 1048576K
}
Event: 44.801 GC heap before
{Heap before GC invocations=25 (full 0):
 garbage-first heap   total 73728K, used 63983K [0x00000000e0000000, 0x0000000100000000)
  region size 1024K, 23 young (23552K), 3 survivors (3072K)
 Metaspace       used 97575K, committed 98304K, reserved 1179648K
  class space    used 13401K, committed 13696K, reserved 1048576K
}
Event: 44.807 GC heap after
{Heap after GC invocations=26 (full 0):
 garbage-first heap   total 73728K, used 47626K [0x00000000e0000000, 0x0000000100000000)
  region size 1024K, 3 young (3072K), 3 survivors (3072K)
 Metaspace       used 97575K, committed 98304K, reserved 1179648K
  class space    used 13401K, committed 13696K, reserved 1048576K
}
Event: 45.887 GC heap before
{Heap before GC invocations=27 (full 0):
 garbage-first heap   total 81920K, used 65034K [0x00000000e0000000, 0x0000000100000000)
  region size 1024K, 21 young (21504K), 3 survivors (3072K)
 Metaspace       used 100788K, committed 101568K, reserved 1179648K
  class space    used 13778K, committed 14144K, reserved 1048576K
}
Event: 45.892 GC heap after
{Heap after GC invocations=28 (full 0):
 garbage-first heap   total 81920K, used 49608K [0x00000000e0000000, 0x0000000100000000)
  region size 1024K, 3 young (3072K), 3 survivors (3072K)
 Metaspace       used 100788K, committed 101568K, reserved 1179648K
  class space    used 13778K, committed 14144K, reserved 1048576K
}
Event: 47.883 GC heap before
{Heap before GC invocations=28 (full 0):
 garbage-first heap   total 81920K, used 72136K [0x00000000e0000000, 0x0000000100000000)
  region size 1024K, 25 young (25600K), 3 survivors (3072K)
 Metaspace       used 105235K, committed 105984K, reserved 1179648K
  class space    used 14348K, committed 14656K, reserved 1048576K
}
Event: 47.888 GC heap after
{Heap after GC invocations=29 (full 0):
 garbage-first heap   total 81920K, used 50787K [0x00000000e0000000, 0x0000000100000000)
  region size 1024K, 4 young (4096K), 4 survivors (4096K)
 Metaspace       used 105235K, committed 105984K, reserved 1179648K
  class space    used 14348K, committed 14656K, reserved 1048576K
}
Event: 48.617 GC heap before
{Heap before GC invocations=29 (full 0):
 garbage-first heap   total 81920K, used 72291K [0x00000000e0000000, 0x0000000100000000)
  region size 1024K, 25 young (25600K), 4 survivors (4096K)
 Metaspace       used 106881K, committed 107648K, reserved 1179648K
  class space    used 14576K, committed 14912K, reserved 1048576K
}
Event: 48.623 GC heap after
{Heap after GC invocations=30 (full 0):
 garbage-first heap   total 81920K, used 52550K [0x00000000e0000000, 0x0000000100000000)
  region size 1024K, 4 young (4096K), 4 survivors (4096K)
 Metaspace       used 106881K, committed 107648K, reserved 1179648K
  class space    used 14576K, committed 14912K, reserved 1048576K
}
Event: 50.119 GC heap before
{Heap before GC invocations=31 (full 0):
 garbage-first heap   total 92160K, used 70982K [0x00000000e0000000, 0x0000000100000000)
  region size 1024K, 22 young (22528K), 4 survivors (4096K)
 Metaspace       used 108646K, committed 109440K, reserved 1179648K
  class space    used 14843K, committed 15168K, reserved 1048576K
}
Event: 50.122 GC heap after
{Heap after GC invocations=32 (full 0):
 garbage-first heap   total 92160K, used 53434K [0x00000000e0000000, 0x0000000100000000)
  region size 1024K, 3 young (3072K), 3 survivors (3072K)
 Metaspace       used 108646K, committed 109440K, reserved 1179648K
  class space    used 14843K, committed 15168K, reserved 1048576K
}

